  MayaPlugin.cpp
F:\document\University\CIS 660\Project\VoMoBo\libs\Eigen\src\Core\MathFunctions.h(781,1): warning C4819: The file contains a character that cannot be represented in the current code page (936). Save the file in Unicode format to prevent data loss
F:\document\University\CIS 660\Project\VoMoBo\libs\Eigen\src\Core\arch\Default\Half.h(1,1): warning C4819: The file contains a character that cannot be represented in the current code page (936). Save the file in Unicode format to prevent data loss
F:\document\University\CIS 660\Project\VoMoBo\libs\Eigen\src\Core\arch\Default\BFloat16.h(1,1): warning C4819: The file contains a character that cannot be represented in the current code page (936). Save the file in Unicode format to prevent data loss
F:\document\University\CIS 660\Project\VoMoBo\libs\Eigen\src\Core\arch\Default\GenericPacketMathFunctions.h(1288,1): warning C4819: The file contains a character that cannot be represented in the current code page (936). Save the file in Unicode format to prevent data loss
F:\document\University\CIS 660\Project\VoMoBo\libs\Eigen\src\Core\arch\Default\GenericPacketMathFunctions.h(1881,1): warning C4819: The file contains a character that cannot be represented in the current code page (936). Save the file in Unicode format to prevent data loss
F:\document\University\CIS 660\Project\VoMoBo\libs\Eigen\src\Core\SkewSymmetricMatrix3.h(1,1): warning C4819: The file contains a character that cannot be represented in the current code page (936). Save the file in Unicode format to prevent data loss
  boundingProxy.cpp
F:\document\University\CIS 660\Project\VoMoBo\libs\Eigen\src\Core\MathFunctions.h(781,1): warning C4819: The file contains a character that cannot be represented in the current code page (936). Save the file in Unicode format to prevent data loss
F:\document\University\CIS 660\Project\VoMoBo\libs\Eigen\src\Core\arch\Default\Half.h(1,1): warning C4819: The file contains a character that cannot be represented in the current code page (936). Save the file in Unicode format to prevent data loss
F:\document\University\CIS 660\Project\VoMoBo\libs\Eigen\src\Core\arch\Default\BFloat16.h(1,1): warning C4819: The file contains a character that cannot be represented in the current code page (936). Save the file in Unicode format to prevent data loss
F:\document\University\CIS 660\Project\VoMoBo\libs\Eigen\src\Core\arch\Default\GenericPacketMathFunctions.h(1288,1): warning C4819: The file contains a character that cannot be represented in the current code page (936). Save the file in Unicode format to prevent data loss
F:\document\University\CIS 660\Project\VoMoBo\libs\Eigen\src\Core\arch\Default\GenericPacketMathFunctions.h(1881,1): warning C4819: The file contains a character that cannot be represented in the current code page (936). Save the file in Unicode format to prevent data loss
F:\document\University\CIS 660\Project\VoMoBo\libs\Eigen\src\Core\SkewSymmetricMatrix3.h(1,1): warning C4819: The file contains a character that cannot be represented in the current code page (936). Save the file in Unicode format to prevent data loss
F:\document\University\CIS 660\Project\VoMoBo\src\boundingProxy.cpp(125,44): warning C4244: 'argument': conversion from 'unsigned __int64' to 'double', possible loss of data
     Creating library F:\document\University\CIS 660\Project\VoMoBo\x64\Release\VoMoBo.lib and object F:\document\University\CIS 660\Project\VoMoBo\x64\Release\VoMoBo.exp
  Generating code
  21 of 4748 functions ( 0.4%) were compiled, the rest were copied from previous compilation.
    0 functions were new in current compilation
    6 functions had inline decision re-evaluated but remain unchanged
  Finished generating code
  VoMoBo.vcxproj -> F:\document\University\CIS 660\Project\VoMoBo\x64\Release\VoMoBo.mll
